[INFO] Scanning for projects...
[INFO] 
[INFO] ----------------------< dev.artha:artha-runtime >-----------------------
[INFO] Building ARTHA Runtime 0.1.0
[INFO]   from pom.xml
[INFO] --------------------------------[ jar ]---------------------------------
[INFO] 
[INFO] --- resources:3.3.1:resources (default-resources) @ artha-runtime ---
[INFO] Copying 0 resource from src\main\resources to target\classes
[INFO] 
[INFO] --- compiler:3.13.0:compile (default-compile) @ artha-runtime ---
[INFO] Nothing to compile - all classes are up to date.
[INFO] 
[INFO] --- resources:3.3.1:testResources (default-testResources) @ artha-runtime ---
[INFO] skip non existing resourceDirectory C:\Users\samar\Downloads\artha\runtime\src\test\resources
[INFO] 
[INFO] --- compiler:3.13.0:testCompile (default-testCompile) @ artha-runtime ---
[INFO] Nothing to compile - all classes are up to date.
[INFO] 
[INFO] --- surefire:3.2.5:test (default-test) @ artha-runtime ---
[INFO] Tests are skipped.
[INFO] 
[INFO] --- jar:3.4.1:jar (default-jar) @ artha-runtime ---
[INFO] Building jar: C:\Users\samar\Downloads\artha\runtime\target\artha-runtime-0.1.0.jar
[INFO] 
[INFO] --- shade:3.5.0:shade (default) @ artha-runtime ---
[INFO] Including io.javalin:javalin:jar:6.0.0 in the shaded jar.
[INFO] Including org.slf4j:slf4j-api:jar:2.0.10 in the shaded jar.
[INFO] Including org.eclipse.jetty:jetty-server:jar:11.0.19 in the shaded jar.
[INFO] Including org.eclipse.jetty.toolchain:jetty-jakarta-servlet-api:jar:5.0.2 in the shaded jar.
[INFO] Including org.eclipse.jetty:jetty-http:jar:11.0.19 in the shaded jar.
[INFO] Including org.eclipse.jetty:jetty-util:jar:11.0.19 in the shaded jar.
[INFO] Including org.eclipse.jetty:jetty-io:jar:11.0.19 in the shaded jar.
[INFO] Including org.eclipse.jetty.websocket:websocket-jetty-server:jar:11.0.19 in the shaded jar.
[INFO] Including org.eclipse.jetty.websocket:websocket-jetty-api:jar:11.0.19 in the shaded jar.
[INFO] Including org.eclipse.jetty.websocket:websocket-jetty-common:jar:11.0.19 in the shaded jar.
[INFO] Including org.eclipse.jetty.websocket:websocket-core-common:jar:11.0.19 in the shaded jar.
[INFO] Including org.eclipse.jetty.websocket:websocket-servlet:jar:11.0.19 in the shaded jar.
[INFO] Including org.eclipse.jetty.websocket:websocket-core-server:jar:11.0.19 in the shaded jar.
[INFO] Including org.eclipse.jetty:jetty-servlet:jar:11.0.19 in the shaded jar.
[INFO] Including org.eclipse.jetty:jetty-security:jar:11.0.19 in the shaded jar.
[INFO] Including org.eclipse.jetty:jetty-webapp:jar:11.0.19 in the shaded jar.
[INFO] Including org.eclipse.jetty:jetty-xml:jar:11.0.19 in the shaded jar.
[INFO] Including org.jetbrains.kotlin:kotlin-stdlib-jdk8:jar:1.9.10 in the shaded jar.
[INFO] Including org.jetbrains.kotlin:kotlin-stdlib:jar:1.9.10 in the shaded jar.
[INFO] Including org.jetbrains.kotlin:kotlin-stdlib-common:jar:1.9.10 in the shaded jar.
[INFO] Including org.jetbrains:annotations:jar:13.0 in the shaded jar.
[INFO] Including org.jetbrains.kotlin:kotlin-stdlib-jdk7:jar:1.9.10 in the shaded jar.
[INFO] Including org.reflections:reflections:jar:0.10.2 in the shaded jar.
[INFO] Including org.javassist:javassist:jar:3.28.0-GA in the shaded jar.
[INFO] Including com.google.code.findbugs:jsr305:jar:3.0.2 in the shaded jar.
[INFO] Including org.slf4j:slf4j-simple:jar:2.0.9 in the shaded jar.
[INFO] Dependency-reduced POM written at: C:\Users\samar\Downloads\artha\runtime\dependency-reduced-pom.xml
[WARNING] Discovered module-info.class. Shading will break its strong encapsulation.
[WARNING] Discovered module-info.class. Shading will break its strong encapsulation.
[WARNING] Discovered module-info.class. Shading will break its strong encapsulation.
[WARNING] Discovered module-info.class. Shading will break its strong encapsulation.
[WARNING] Discovered module-info.class. Shading will break its strong encapsulation.
[WARNING] Discovered module-info.class. Shading will break its strong encapsulation.
[WARNING] Discovered module-info.class. Shading will break its strong encapsulation.
[WARNING] Discovered module-info.class. Shading will break its strong encapsulation.
[WARNING] Discovered module-info.class. Shading will break its strong encapsulation.
[WARNING] Discovered module-info.class. Shading will break its strong encapsulation.
[WARNING] Discovered module-info.class. Shading will break its strong encapsulation.
[WARNING] Discovered module-info.class. Shading will break its strong encapsulation.
[WARNING] Discovered module-info.class. Shading will break its strong encapsulation.
[WARNING] Discovered module-info.class. Shading will break its strong encapsulation.
[WARNING] Discovered module-info.class. Shading will break its strong encapsulation.
[WARNING] Discovered module-info.class. Shading will break its strong encapsulation.
[WARNING] slf4j-api-2.0.10.jar, slf4j-simple-2.0.9.jar define 1 overlapping resource: 
[WARNING]   - META-INF/LICENSE.txt
[WARNING] javalin-6.0.0.jar, jetty-http-11.0.19.jar, jetty-io-11.0.19.jar, jetty-security-11.0.19.jar, jetty-server-11.0.19.jar, jetty-servlet-11.0.19.jar, jetty-util-11.0.19.jar, jetty-webapp-11.0.19.jar, jetty-xml-11.0.19.jar, websocket-core-common-11.0.19.jar, websocket-core-server-11.0.19.jar, websocket-jetty-api-11.0.19.jar, websocket-jetty-common-11.0.19.jar, websocket-jetty-server-11.0.19.jar, websocket-servlet-11.0.19.jar define 1 overlapping resource: 
[WARNING]   - META-INF/LICENSE
[WARNING] jetty-http-11.0.19.jar, jetty-io-11.0.19.jar, jetty-security-11.0.19.jar, jetty-server-11.0.19.jar, jetty-servlet-11.0.19.jar, jetty-util-11.0.19.jar, jetty-webapp-11.0.19.jar, jetty-xml-11.0.19.jar, websocket-core-common-11.0.19.jar, websocket-core-server-11.0.19.jar, websocket-jetty-api-11.0.19.jar, websocket-jetty-common-11.0.19.jar, websocket-jetty-server-11.0.19.jar, websocket-servlet-11.0.19.jar define 1 overlapping resource: 
[WARNING]   - META-INF/NOTICE.txt
[WARNING] jetty-webapp-11.0.19.jar, websocket-jetty-server-11.0.19.jar define 1 overlapping resource: 
[WARNING]   - META-INF/services/org.eclipse.jetty.webapp.Configuration
[WARNING] annotations-13.0.jar, artha-runtime-0.1.0.jar, javalin-6.0.0.jar, javassist-3.28.0-GA.jar, jetty-http-11.0.19.jar, jetty-io-11.0.19.jar, jetty-jakarta-servlet-api-5.0.2.jar, jetty-security-11.0.19.jar, jetty-server-11.0.19.jar, jetty-servlet-11.0.19.jar, jetty-util-11.0.19.jar, jetty-webapp-11.0.19.jar, jetty-xml-11.0.19.jar, jsr305-3.0.2.jar, kotlin-stdlib-1.9.10.jar, kotlin-stdlib-common-1.9.10.jar, kotlin-stdlib-jdk7-1.9.10.jar, kotlin-stdlib-jdk8-1.9.10.jar, reflections-0.10.2.jar, slf4j-api-2.0.10.jar, slf4j-simple-2.0.9.jar, websocket-core-common-11.0.19.jar, websocket-core-server-11.0.19.jar, websocket-jetty-api-11.0.19.jar, websocket-jetty-common-11.0.19.jar, websocket-jetty-server-11.0.19.jar, websocket-servlet-11.0.19.jar define 1 overlapping resource: 
[WARNING]   - META-INF/MANIFEST.MF
[WARNING] kotlin-stdlib-1.9.10.jar, kotlin-stdlib-jdk7-1.9.10.jar, kotlin-stdlib-jdk8-1.9.10.jar, slf4j-api-2.0.10.jar, slf4j-simple-2.0.9.jar define 1 overlapping classes: 
[WARNING]   - META-INF.versions.9.module-info
[WARNING] maven-shade-plugin has detected that some files are
[WARNING] present in two or more JARs. When this happens, only one
[WARNING] single version of the file is copied to the uber jar.
[WARNING] Usually this is not harmful and you can skip these warnings,
[WARNING] otherwise try to manually exclude artifacts based on
[WARNING] mvn dependency:tree -Ddetail=true and the above output.
[WARNING] See https://maven.apache.org/plugins/maven-shade-plugin/
[INFO] Replacing original artifact with shaded artifact.
[INFO] Replacing C:\Users\samar\Downloads\artha\runtime\target\artha-runtime-0.1.0.jar with C:\Users\samar\Downloads\artha\runtime\target\artha-runtime-0.1.0-shaded.jar
[INFO] ------------------------------------------------------------------------
[INFO] BUILD SUCCESS
[INFO] ------------------------------------------------------------------------
[INFO] Total time:  2.631 s
[INFO] Finished at: 2025-11-26T23:54:59+05:30
[INFO] ------------------------------------------------------------------------
